This file contains any messages produced by compilers while
running configure, to aid debugging if configure makes a mistake.

It was created by opensslapis configure 1.0, which was
generated by GNU Autoconf 2.69.  Invocation command line was

  $ ./configure --with-libssl-includes=/home/remy/openssl-openssl-3.0.3/include --with-libssl-libraries=/home/remy/openssl-openssl-3.0.3

## --------- ##
## Platform. ##
## --------- ##

hostname = fedora
uname -m = x86_64
uname -r = 5.16.18-200.fc35.x86_64
uname -s = Linux
uname -v = #1 SMP PREEMPT Mon Mar 28 14:10:07 UTC 2022

/usr/bin/uname -p = x86_64
/bin/uname -X     = unknown

/bin/arch              = x86_64
/usr/bin/arch -k       = unknown
/usr/convex/getsysinfo = unknown
/usr/bin/hostinfo      = unknown
/bin/machine           = unknown
/usr/bin/oslevel       = unknown
/bin/universe          = unknown

PATH: /home/remy/.local/bin
PATH: /home/remy/bin
PATH: /usr/lib64/qt-3.3/bin
PATH: /usr/local/bin
PATH: /usr/local/sbin
PATH: /usr/bin
PATH: /usr/sbin


## ----------- ##
## Core tests. ##
## ----------- ##

configure:2273: checking for a BSD-compatible install
configure:2341: result: /usr/bin/install -c
configure:2352: checking whether build environment is sane
configure:2407: result: yes
configure:2558: checking for a thread-safe mkdir -p
configure:2597: result: /usr/bin/mkdir -p
configure:2604: checking for gawk
configure:2620: found /usr/bin/gawk
configure:2631: result: gawk
configure:2642: checking whether make sets $(MAKE)
configure:2664: result: yes
configure:2693: checking whether make supports nested variables
configure:2710: result: yes
configure:2884: checking for gcc
configure:2900: found /usr/bin/gcc
configure:2911: result: gcc
configure:3140: checking for C compiler version
configure:3149: gcc --version >&5
gcc (GCC) 11.2.1 20220127 (Red Hat 11.2.1-9)
Copyright (C) 2021 Free Software Foundation, Inc.
This is free software; see the source for copying conditions.  There is NO
warranty; not even for MERCHANTABILITY or FITNESS FOR A PARTICULAR PURPOSE.

configure:3160: $? = 0
configure:3149: gcc -v >&5
Using built-in specs.
COLLECT_GCC=gcc
COLLECT_LTO_WRAPPER=/usr/libexec/gcc/x86_64-redhat-linux/11/lto-wrapper
OFFLOAD_TARGET_NAMES=nvptx-none
OFFLOAD_TARGET_DEFAULT=1
Target: x86_64-redhat-linux
Configured with: ../configure --enable-bootstrap --enable-languages=c,c++,fortran,objc,obj-c++,ada,go,d,lto --prefix=/usr --mandir=/usr/share/man --infodir=/usr/share/info --with-bugurl=http://bugzilla.redhat.com/bugzilla --enable-shared --enable-threads=posix --enable-checking=release --enable-multilib --with-system-zlib --enable-__cxa_atexit --disable-libunwind-exceptions --enable-gnu-unique-object --enable-linker-build-id --with-gcc-major-version-only --with-linker-hash-style=gnu --enable-plugin --enable-initfini-array --with-isl=/builddir/build/BUILD/gcc-11.2.1-20220127/obj-x86_64-redhat-linux/isl-install --enable-offload-targets=nvptx-none --without-cuda-driver --enable-gnu-indirect-function --enable-cet --with-tune=generic --with-arch_32=i686 --build=x86_64-redhat-linux --with-build-config=bootstrap-lto --enable-link-serialization=1
Thread model: posix
Supported LTO compression algorithms: zlib zstd
gcc version 11.2.1 20220127 (Red Hat 11.2.1-9) (GCC) 
... rest of stderr output deleted ...
configure:3160: $? = 0
configure:3149: gcc -V >&5
gcc: error: unrecognized command-line option '-V'
gcc: fatal error: no input files
compilation terminated.
configure:3160: $? = 1
configure:3149: gcc -qversion >&5
gcc: error: unrecognized command-line option '-qversion'; did you mean '--version'?
gcc: fatal error: no input files
compilation terminated.
configure:3160: $? = 1
configure:3180: checking whether the C compiler works
configure:3202: gcc    conftest.c  >&5
configure:3206: $? = 0
configure:3254: result: yes
configure:3257: checking for C compiler default output file name
configure:3259: result: a.out
configure:3265: checking for suffix of executables
configure:3272: gcc -o conftest    conftest.c  >&5
configure:3276: $? = 0
configure:3298: result: 
configure:3320: checking whether we are cross compiling
configure:3328: gcc -o conftest    conftest.c  >&5
configure:3332: $? = 0
configure:3339: ./conftest
configure:3343: $? = 0
configure:3358: result: no
configure:3363: checking for suffix of object files
configure:3385: gcc -c   conftest.c >&5
configure:3389: $? = 0
configure:3410: result: o
configure:3414: checking whether we are using the GNU C compiler
configure:3433: gcc -c   conftest.c >&5
configure:3433: $? = 0
configure:3442: result: yes
configure:3451: checking whether gcc accepts -g
configure:3471: gcc -c -g  conftest.c >&5
configure:3471: $? = 0
configure:3512: result: yes
configure:3529: checking for gcc option to accept ISO C89
configure:3592: gcc  -c -g -O2  conftest.c >&5
configure:3592: $? = 0
configure:3605: result: none needed
configure:3630: checking whether gcc understands -c and -o together
configure:3652: gcc -c conftest.c -o conftest2.o
configure:3655: $? = 0
configure:3652: gcc -c conftest.c -o conftest2.o
configure:3655: $? = 0
configure:3667: result: yes
configure:3687: checking whether make supports the include directive
configure:3702: make -f confmf.GNU && cat confinc.out
this is the am__doit target
configure:3705: $? = 0
configure:3724: result: yes (GNU style)
configure:3749: checking dependency style of gcc
configure:3860: result: gcc3
configure:3904: checking build system type
configure:3918: result: x86_64-pc-linux-gnu
configure:3938: checking host system type
configure:3951: result: x86_64-pc-linux-gnu
configure:3992: checking how to print strings
configure:4019: result: printf
configure:4040: checking for a sed that does not truncate output
configure:4104: result: /usr/bin/sed
configure:4122: checking for grep that handles long lines and -e
configure:4180: result: /usr/bin/grep
configure:4185: checking for egrep
configure:4247: result: /usr/bin/grep -E
configure:4252: checking for fgrep
configure:4314: result: /usr/bin/grep -F
configure:4349: checking for ld used by gcc
configure:4416: result: /usr/bin/ld
configure:4423: checking if the linker (/usr/bin/ld) is GNU ld
configure:4438: result: yes
configure:4450: checking for BSD- or MS-compatible name lister (nm)
configure:4504: result: /usr/bin/nm -B
configure:4634: checking the name lister (/usr/bin/nm -B) interface
configure:4641: gcc -c -g -O2  conftest.c >&5
configure:4644: /usr/bin/nm -B "conftest.o"
configure:4647: output
0000000000000000 B some_variable
configure:4654: result: BSD nm
configure:4657: checking whether ln -s works
configure:4661: result: yes
configure:4669: checking the maximum length of command line arguments
configure:4800: result: 1572864
configure:4848: checking how to convert x86_64-pc-linux-gnu file names to x86_64-pc-linux-gnu format
configure:4888: result: func_convert_file_noop
configure:4895: checking how to convert x86_64-pc-linux-gnu file names to toolchain format
configure:4915: result: func_convert_file_noop
configure:4922: checking for /usr/bin/ld option to reload object files
configure:4929: result: -r
configure:5003: checking for objdump
configure:5019: found /usr/bin/objdump
configure:5030: result: objdump
configure:5062: checking how to recognize dependent libraries
configure:5262: result: pass_all
configure:5347: checking for dlltool
configure:5377: result: no
configure:5407: checking how to associate runtime and link libraries
configure:5434: result: printf %s\n
configure:5495: checking for ar
configure:5511: found /usr/bin/ar
configure:5522: result: ar
configure:5559: checking for archiver @FILE support
configure:5576: gcc -c -g -O2  conftest.c >&5
configure:5576: $? = 0
configure:5579: ar cru libconftest.a @conftest.lst >&5
configure:5582: $? = 0
configure:5587: ar cru libconftest.a @conftest.lst >&5
ar: conftest.o: No such file or directory
configure:5590: $? = 1
configure:5602: result: @
configure:5660: checking for strip
configure:5676: found /usr/bin/strip
configure:5687: result: strip
configure:5759: checking for ranlib
configure:5775: found /usr/bin/ranlib
configure:5786: result: ranlib
configure:5888: checking command to parse /usr/bin/nm -B output from gcc object
configure:6041: gcc -c -g -O2  conftest.c >&5
configure:6044: $? = 0
configure:6048: /usr/bin/nm -B conftest.o \| sed -n -e 's/^.*[ ]\([ABCDGIRSTW][ABCDGIRSTW]*\)[ ][ ]*\([_A-Za-z][_A-Za-z0-9]*\)$/\1 \2 \2/p' | sed '/ __gnu_lto/d' \> conftest.nm
configure:6051: $? = 0
configure:6117: gcc -o conftest -g -O2   conftest.c conftstm.o >&5
configure:6120: $? = 0
configure:6158: result: ok
configure:6205: checking for sysroot
configure:6235: result: no
configure:6242: checking for a working dd
configure:6280: result: /usr/bin/dd
configure:6284: checking how to truncate binary pipes
configure:6299: result: /usr/bin/dd bs=4096 count=1
configure:6435: gcc -c -g -O2  conftest.c >&5
configure:6438: $? = 0
configure:6628: checking for mt
configure:6658: result: no
configure:6678: checking if : is a manifest tool
configure:6684: : '-?'
configure:6692: result: no
configure:7369: checking how to run the C preprocessor
configure:7400: gcc -E  conftest.c
configure:7400: $? = 0
configure:7414: gcc -E  conftest.c
conftest.c:11:10: fatal error: ac_nonexistent.h: No such file or directory
   11 | #include <ac_nonexistent.h>
      |          ^~~~~~~~~~~~~~~~~~
compilation terminated.
configure:7414: $? = 1
configure: failed program was:
| /* confdefs.h */
| #define PACKAGE_NAME "opensslapis"
| #define PACKAGE_TARNAME "opensslapis"
| #define PACKAGE_VERSION "1.0"
| #define PACKAGE_STRING "opensslapis 1.0"
| #define PACKAGE_BUGREPORT "remyknight1119@gmail.com"
| #define PACKAGE_URL ""
| #define PACKAGE "opensslapis"
| #define VERSION "1.0"
| /* end confdefs.h.  */
| #include <ac_nonexistent.h>
configure:7439: result: gcc -E
configure:7459: gcc -E  conftest.c
configure:7459: $? = 0
configure:7473: gcc -E  conftest.c
conftest.c:11:10: fatal error: ac_nonexistent.h: No such file or directory
   11 | #include <ac_nonexistent.h>
      |          ^~~~~~~~~~~~~~~~~~
compilation terminated.
configure:7473: $? = 1
configure: failed program was:
| /* confdefs.h */
| #define PACKAGE_NAME "opensslapis"
| #define PACKAGE_TARNAME "opensslapis"
| #define PACKAGE_VERSION "1.0"
| #define PACKAGE_STRING "opensslapis 1.0"
| #define PACKAGE_BUGREPORT "remyknight1119@gmail.com"
| #define PACKAGE_URL ""
| #define PACKAGE "opensslapis"
| #define VERSION "1.0"
| /* end confdefs.h.  */
| #include <ac_nonexistent.h>
configure:7502: checking for ANSI C header files
configure:7522: gcc -c -g -O2  conftest.c >&5
configure:7522: $? = 0
configure:7595: gcc -o conftest -g -O2   conftest.c  >&5
configure:7595: $? = 0
configure:7595: ./conftest
configure:7595: $? = 0
configure:7606: result: yes
configure:7619: checking for sys/types.h
configure:7619: gcc -c -g -O2  conftest.c >&5
configure:7619: $? = 0
configure:7619: result: yes
configure:7619: checking for sys/stat.h
configure:7619: gcc -c -g -O2  conftest.c >&5
configure:7619: $? = 0
configure:7619: result: yes
configure:7619: checking for stdlib.h
configure:7619: gcc -c -g -O2  conftest.c >&5
configure:7619: $? = 0
configure:7619: result: yes
configure:7619: checking for string.h
configure:7619: gcc -c -g -O2  conftest.c >&5
configure:7619: $? = 0
configure:7619: result: yes
configure:7619: checking for memory.h
configure:7619: gcc -c -g -O2  conftest.c >&5
configure:7619: $? = 0
configure:7619: result: yes
configure:7619: checking for strings.h
configure:7619: gcc -c -g -O2  conftest.c >&5
configure:7619: $? = 0
configure:7619: result: yes
configure:7619: checking for inttypes.h
configure:7619: gcc -c -g -O2  conftest.c >&5
configure:7619: $? = 0
configure:7619: result: yes
configure:7619: checking for stdint.h
configure:7619: gcc -c -g -O2  conftest.c >&5
configure:7619: $? = 0
configure:7619: result: yes
configure:7619: checking for unistd.h
configure:7619: gcc -c -g -O2  conftest.c >&5
configure:7619: $? = 0
configure:7619: result: yes
configure:7633: checking for dlfcn.h
configure:7633: gcc -c -g -O2  conftest.c >&5
configure:7633: $? = 0
configure:7633: result: yes
configure:7889: checking for objdir
configure:7904: result: .libs
configure:8168: checking if gcc supports -fno-rtti -fno-exceptions
configure:8186: gcc -c -g -O2  -fno-rtti -fno-exceptions conftest.c >&5
cc1: warning: command-line option '-fno-rtti' is valid for C++/D/ObjC++ but not for C
configure:8190: $? = 0
configure:8203: result: no
configure:8561: checking for gcc option to produce PIC
configure:8568: result: -fPIC -DPIC
configure:8576: checking if gcc PIC flag -fPIC -DPIC works
configure:8594: gcc -c -g -O2  -fPIC -DPIC -DPIC conftest.c >&5
configure:8598: $? = 0
configure:8611: result: yes
configure:8640: checking if gcc static flag -static works
configure:8668: result: no
configure:8683: checking if gcc supports -c -o file.o
configure:8704: gcc -c -g -O2  -o out/conftest2.o conftest.c >&5
configure:8708: $? = 0
configure:8730: result: yes
configure:8738: checking if gcc supports -c -o file.o
configure:8785: result: yes
configure:8818: checking whether the gcc linker (/usr/bin/ld -m elf_x86_64) supports shared libraries
configure:10077: result: yes
configure:10114: checking whether -lc should be explicitly linked in
configure:10122: gcc -c -g -O2  conftest.c >&5
configure:10125: $? = 0
configure:10140: gcc -shared  -fPIC -DPIC conftest.o  -v -Wl,-soname -Wl,conftest -o conftest 2\>\&1 \| /usr/bin/grep  -lc  \>/dev/null 2\>\&1
configure:10143: $? = 0
configure:10157: result: no
configure:10317: checking dynamic linker characteristics
configure:10898: gcc -o conftest -g -O2   -Wl,-rpath -Wl,/foo conftest.c  >&5
configure:10898: $? = 0
configure:11138: result: GNU/Linux ld.so
configure:11260: checking how to hardcode library paths into programs
configure:11285: result: immediate
configure:11833: checking whether stripping libraries is possible
configure:11838: result: yes
configure:11873: checking if libtool supports shared libraries
configure:11875: result: yes
configure:11878: checking whether to build shared libraries
configure:11903: result: yes
configure:11906: checking whether to build static libraries
configure:11910: result: yes
configure:11983: checking for OPENSSL_config in -lcrypto
configure:12008: gcc -o conftest -g -O2  -I/usr/local/include -I/home/remy/openssl-openssl-3.0.3/include  conftest.c -lcrypto   -L/usr/local/lib -L/home/remy/openssl-openssl-3.0.3 >&5
configure:12008: $? = 0
configure:12017: result: yes
configure:12030: checking for SSL_new in -lssl
configure:12055: gcc -o conftest -g -O2  -I/usr/local/include -I/home/remy/openssl-openssl-3.0.3/include  conftest.c -lssl  -lcrypto  -L/usr/local/lib -L/home/remy/openssl-openssl-3.0.3 >&5
configure:12055: $? = 0
configure:12064: result: yes
configure:12089: checking openssl/ssl.h usability
configure:12089: gcc -c -g -O2  -I/usr/local/include -I/home/remy/openssl-openssl-3.0.3/include conftest.c >&5
configure:12089: $? = 0
configure:12089: result: yes
configure:12089: checking openssl/ssl.h presence
configure:12089: gcc -E  -I/usr/local/include -I/home/remy/openssl-openssl-3.0.3/include conftest.c
configure:12089: $? = 0
configure:12089: result: yes
configure:12089: checking for openssl/ssl.h
configure:12089: result: yes
configure:12103: checking openssl/evp.h usability
configure:12103: gcc -c -g -O2  -I/usr/local/include -I/home/remy/openssl-openssl-3.0.3/include conftest.c >&5
configure:12103: $? = 0
configure:12103: result: yes
configure:12103: checking openssl/evp.h presence
configure:12103: gcc -E  -I/usr/local/include -I/home/remy/openssl-openssl-3.0.3/include conftest.c
configure:12103: $? = 0
configure:12103: result: yes
configure:12103: checking for openssl/evp.h
configure:12103: result: yes
configure:12117: checking openssl/conf.h usability
configure:12117: gcc -c -g -O2  -I/usr/local/include -I/home/remy/openssl-openssl-3.0.3/include conftest.c >&5
configure:12117: $? = 0
configure:12117: result: yes
configure:12117: checking openssl/conf.h presence
configure:12117: gcc -E  -I/usr/local/include -I/home/remy/openssl-openssl-3.0.3/include conftest.c
configure:12117: $? = 0
configure:12117: result: yes
configure:12117: checking for openssl/conf.h
configure:12117: result: yes
configure:12131: checking openssl/err.h usability
configure:12131: gcc -c -g -O2  -I/usr/local/include -I/home/remy/openssl-openssl-3.0.3/include conftest.c >&5
configure:12131: $? = 0
configure:12131: result: yes
configure:12131: checking openssl/err.h presence
configure:12131: gcc -E  -I/usr/local/include -I/home/remy/openssl-openssl-3.0.3/include conftest.c
configure:12131: $? = 0
configure:12131: result: yes
configure:12131: checking for openssl/err.h
configure:12131: result: yes
configure:12145: checking openssl/engine.h usability
configure:12145: gcc -c -g -O2  -I/usr/local/include -I/home/remy/openssl-openssl-3.0.3/include conftest.c >&5
configure:12145: $? = 0
configure:12145: result: yes
configure:12145: checking openssl/engine.h presence
configure:12145: gcc -E  -I/usr/local/include -I/home/remy/openssl-openssl-3.0.3/include conftest.c
configure:12145: $? = 0
configure:12145: result: yes
configure:12145: checking for openssl/engine.h
configure:12145: result: yes
configure:12271: checking that generated files are newer than configure
configure:12277: result: done
configure:12300: creating ./config.status

## ---------------------- ##
## Running config.status. ##
## ---------------------- ##

This file was extended by opensslapis config.status 1.0, which was
generated by GNU Autoconf 2.69.  Invocation command line was

  CONFIG_FILES    = 
  CONFIG_HEADERS  = 
  CONFIG_LINKS    = 
  CONFIG_COMMANDS = 
  $ ./config.status 

on fedora

config.status:1093: creating Makefile
config.status:1093: creating lib/Makefile
config.status:1093: creating test/Makefile
config.status:1093: creating config.h
config.status:1274: config.h is unchanged
config.status:1322: executing depfiles commands
config.status:1399: cd lib       && sed -e '/# am--include-marker/d' Makefile         | make -f - am--depfiles
make: Nothing to be done for 'am--depfiles'.
config.status:1404: $? = 0
config.status:1399: cd test       && sed -e '/# am--include-marker/d' Makefile         | make -f - am--depfiles
make: Nothing to be done for 'am--depfiles'.
config.status:1404: $? = 0
config.status:1322: executing libtool commands

## ---------------- ##
## Cache variables. ##
## ---------------- ##

ac_cv_build=x86_64-pc-linux-gnu
ac_cv_c_compiler_gnu=yes
ac_cv_env_CC_set=
ac_cv_env_CC_value=
ac_cv_env_CFLAGS_set=
ac_cv_env_CFLAGS_value=
ac_cv_env_CPPFLAGS_set=
ac_cv_env_CPPFLAGS_value=
ac_cv_env_CPP_set=
ac_cv_env_CPP_value=
ac_cv_env_LDFLAGS_set=
ac_cv_env_LDFLAGS_value=
ac_cv_env_LIBS_set=
ac_cv_env_LIBS_value=
ac_cv_env_LT_SYS_LIBRARY_PATH_set=
ac_cv_env_LT_SYS_LIBRARY_PATH_value=
ac_cv_env_build_alias_set=
ac_cv_env_build_alias_value=
ac_cv_env_host_alias_set=
ac_cv_env_host_alias_value=
ac_cv_env_target_alias_set=
ac_cv_env_target_alias_value=
ac_cv_header_dlfcn_h=yes
ac_cv_header_inttypes_h=yes
ac_cv_header_memory_h=yes
ac_cv_header_openssl_conf_h=yes
ac_cv_header_openssl_engine_h=yes
ac_cv_header_openssl_err_h=yes
ac_cv_header_openssl_evp_h=yes
ac_cv_header_openssl_ssl_h=yes
ac_cv_header_stdc=yes
ac_cv_header_stdint_h=yes
ac_cv_header_stdlib_h=yes
ac_cv_header_string_h=yes
ac_cv_header_strings_h=yes
ac_cv_header_sys_stat_h=yes
ac_cv_header_sys_types_h=yes
ac_cv_header_unistd_h=yes
ac_cv_host=x86_64-pc-linux-gnu
ac_cv_lib_crypto_OPENSSL_config=yes
ac_cv_lib_ssl_SSL_new=yes
ac_cv_objext=o
ac_cv_path_EGREP='/usr/bin/grep -E'
ac_cv_path_FGREP='/usr/bin/grep -F'
ac_cv_path_GREP=/usr/bin/grep
ac_cv_path_SED=/usr/bin/sed
ac_cv_path_install='/usr/bin/install -c'
ac_cv_path_lt_DD=/usr/bin/dd
ac_cv_path_mkdir=/usr/bin/mkdir
ac_cv_prog_AWK=gawk
ac_cv_prog_CPP='gcc -E'
ac_cv_prog_ac_ct_AR=ar
ac_cv_prog_ac_ct_CC=gcc
ac_cv_prog_ac_ct_OBJDUMP=objdump
ac_cv_prog_ac_ct_RANLIB=ranlib
ac_cv_prog_ac_ct_STRIP=strip
ac_cv_prog_cc_c89=
ac_cv_prog_cc_g=yes
ac_cv_prog_make_make_set=yes
am_cv_CC_dependencies_compiler_type=gcc3
am_cv_make_support_nested_variables=yes
am_cv_prog_cc_c_o=yes
lt_cv_ar_at_file=@
lt_cv_archive_cmds_need_lc=no
lt_cv_deplibs_check_method=pass_all
lt_cv_file_magic_cmd='$MAGIC_CMD'
lt_cv_file_magic_test_file=
lt_cv_ld_reload_flag=-r
lt_cv_nm_interface='BSD nm'
lt_cv_objdir=.libs
lt_cv_path_LD=/usr/bin/ld
lt_cv_path_NM='/usr/bin/nm -B'
lt_cv_path_mainfest_tool=no
lt_cv_prog_compiler_c_o=yes
lt_cv_prog_compiler_pic='-fPIC -DPIC'
lt_cv_prog_compiler_pic_works=yes
lt_cv_prog_compiler_rtti_exceptions=no
lt_cv_prog_compiler_static_works=no
lt_cv_prog_gnu_ld=yes
lt_cv_sharedlib_from_linklib_cmd='printf %s\n'
lt_cv_shlibpath_overrides_runpath=yes
lt_cv_sys_global_symbol_pipe='sed -n -e '\''s/^.*[	 ]\([ABCDGIRSTW][ABCDGIRSTW]*\)[	 ][	 ]*\([_A-Za-z][_A-Za-z0-9]*\)$/\1 \2 \2/p'\'' | sed '\''/ __gnu_lto/d'\'''
lt_cv_sys_global_symbol_to_c_name_address='sed -n -e '\''s/^: \(.*\) .*$/  {"\1", (void *) 0},/p'\'' -e '\''s/^[ABCDGIRSTW][ABCDGIRSTW]* .* \(.*\)$/  {"\1", (void *) \&\1},/p'\'''
lt_cv_sys_global_symbol_to_c_name_address_lib_prefix='sed -n -e '\''s/^: \(.*\) .*$/  {"\1", (void *) 0},/p'\'' -e '\''s/^[ABCDGIRSTW][ABCDGIRSTW]* .* \(lib.*\)$/  {"\1", (void *) \&\1},/p'\'' -e '\''s/^[ABCDGIRSTW][ABCDGIRSTW]* .* \(.*\)$/  {"lib\1", (void *) \&\1},/p'\'''
lt_cv_sys_global_symbol_to_cdecl='sed -n -e '\''s/^T .* \(.*\)$/extern int \1();/p'\'' -e '\''s/^[ABCDGIRSTW][ABCDGIRSTW]* .* \(.*\)$/extern char \1;/p'\'''
lt_cv_sys_global_symbol_to_import=
lt_cv_sys_max_cmd_len=1572864
lt_cv_to_host_file_cmd=func_convert_file_noop
lt_cv_to_tool_file_cmd=func_convert_file_noop
lt_cv_truncate_bin='/usr/bin/dd bs=4096 count=1'

## ----------------- ##
## Output variables. ##
## ----------------- ##

ACLOCAL='${SHELL} /home/remy/opensslapis/missing aclocal-1.16'
AMDEPBACKSLASH='\'
AMDEP_FALSE='#'
AMDEP_TRUE=''
AMTAR='$${TAR-tar}'
AM_BACKSLASH='\'
AM_DEFAULT_V='$(AM_DEFAULT_VERBOSITY)'
AM_DEFAULT_VERBOSITY='1'
AM_V='$(V)'
AR='ar'
AUTOCONF='${SHELL} /home/remy/opensslapis/missing autoconf'
AUTOHEADER='${SHELL} /home/remy/opensslapis/missing autoheader'
AUTOMAKE='${SHELL} /home/remy/opensslapis/missing automake-1.16'
AWK='gawk'
CC='gcc'
CCDEPMODE='depmode=gcc3'
CFLAGS='-g -O2'
CPP='gcc -E'
CPPFLAGS=' -I/usr/local/include -I/home/remy/openssl-openssl-3.0.3/include'
CYGPATH_W='echo'
DEFS='-DHAVE_CONFIG_H'
DEPDIR='.deps'
DLLTOOL='false'
DSYMUTIL=''
DUMPBIN=''
ECHO_C=''
ECHO_N='-n'
ECHO_T=''
EGREP='/usr/bin/grep -E'
EXEEXT=''
FGREP='/usr/bin/grep -F'
GREP='/usr/bin/grep'
INSTALL_DATA='${INSTALL} -m 644'
INSTALL_PROGRAM='${INSTALL}'
INSTALL_SCRIPT='${INSTALL}'
INSTALL_STRIP_PROGRAM='$(install_sh) -c -s'
LD='/usr/bin/ld -m elf_x86_64'
LDFLAGS=''
LIBOBJS=''
LIBS='-lssl -lcrypto  -L/usr/local/lib -L/home/remy/openssl-openssl-3.0.3'
LIBTOOL='$(SHELL) $(top_builddir)/libtool'
LIPO=''
LN_S='ln -s'
LTLIBOBJS=''
LT_SYS_LIBRARY_PATH=''
MAKEINFO='${SHELL} /home/remy/opensslapis/missing makeinfo'
MANIFEST_TOOL=':'
MKDIR_P='/usr/bin/mkdir -p'
NM='/usr/bin/nm -B'
NMEDIT=''
OBJDUMP='objdump'
OBJEXT='o'
OTOOL64=''
OTOOL=''
PACKAGE='opensslapis'
PACKAGE_BUGREPORT='remyknight1119@gmail.com'
PACKAGE_NAME='opensslapis'
PACKAGE_STRING='opensslapis 1.0'
PACKAGE_TARNAME='opensslapis'
PACKAGE_URL=''
PACKAGE_VERSION='1.0'
PATH_SEPARATOR=':'
RANLIB='ranlib'
SED='/usr/bin/sed'
SET_MAKE=''
SHELL='/bin/sh'
STRIP='strip'
VERSION='1.0'
ac_ct_AR='ar'
ac_ct_CC='gcc'
ac_ct_DUMPBIN=''
am__EXEEXT_FALSE=''
am__EXEEXT_TRUE='#'
am__fastdepCC_FALSE='#'
am__fastdepCC_TRUE=''
am__include='include'
am__isrc=''
am__leading_dot='.'
am__nodep='_no'
am__quote=''
am__tar='$${TAR-tar} chof - "$$tardir"'
am__untar='$${TAR-tar} xf -'
bindir='${exec_prefix}/bin'
build='x86_64-pc-linux-gnu'
build_alias=''
build_cpu='x86_64'
build_os='linux-gnu'
build_vendor='pc'
datadir='${datarootdir}'
datarootdir='${prefix}/share'
docdir='${datarootdir}/doc/${PACKAGE_TARNAME}'
dvidir='${docdir}'
exec_prefix='${prefix}'
host='x86_64-pc-linux-gnu'
host_alias=''
host_cpu='x86_64'
host_os='linux-gnu'
host_vendor='pc'
htmldir='${docdir}'
includedir='${prefix}/include'
infodir='${datarootdir}/info'
install_sh='${SHELL} /home/remy/opensslapis/install-sh'
libdir='${exec_prefix}/lib'
libexecdir='${exec_prefix}/libexec'
localedir='${datarootdir}/locale'
localstatedir='${prefix}/var'
mandir='${datarootdir}/man'
mkdir_p='$(MKDIR_P)'
oldincludedir='/usr/include'
pdfdir='${docdir}'
prefix='/usr/local'
program_transform_name='s,x,x,'
psdir='${docdir}'
runstatedir='${localstatedir}/run'
sbindir='${exec_prefix}/sbin'
sharedstatedir='${prefix}/com'
sysconfdir='${prefix}/etc'
target_alias=''

## ----------- ##
## confdefs.h. ##
## ----------- ##

/* confdefs.h */
#define PACKAGE_NAME "opensslapis"
#define PACKAGE_TARNAME "opensslapis"
#define PACKAGE_VERSION "1.0"
#define PACKAGE_STRING "opensslapis 1.0"
#define PACKAGE_BUGREPORT "remyknight1119@gmail.com"
#define PACKAGE_URL ""
#define PACKAGE "opensslapis"
#define VERSION "1.0"
#define STDC_HEADERS 1
#define HAVE_SYS_TYPES_H 1
#define HAVE_SYS_STAT_H 1
#define HAVE_STDLIB_H 1
#define HAVE_STRING_H 1
#define HAVE_MEMORY_H 1
#define HAVE_STRINGS_H 1
#define HAVE_INTTYPES_H 1
#define HAVE_STDINT_H 1
#define HAVE_UNISTD_H 1
#define HAVE_DLFCN_H 1
#define LT_OBJDIR ".libs/"
#define HAVE_LIBCRYPTO 1
#define HAVE_LIBSSL 1
#define HAVE_OPENSSL_SSL_H 1
#define HAVE_OPENSSL_EVP_H 1
#define HAVE_OPENSSL_CONF_H 1
#define HAVE_OPENSSL_ERR_H 1
#define HAVE_OPENSSL_ENGINE_H 1

configure: exit 0

## ---------------------- ##
## Running config.status. ##
## ---------------------- ##

This file was extended by opensslapis config.status 1.0, which was
generated by GNU Autoconf 2.69.  Invocation command line was

  CONFIG_FILES    = 
  CONFIG_HEADERS  = 
  CONFIG_LINKS    = 
  CONFIG_COMMANDS = 
  $ ./config.status config.h

on fedora

config.status:1093: creating config.h
config.status:1274: config.h is unchanged

## ---------------------- ##
## Running config.status. ##
## ---------------------- ##

This file was extended by opensslapis config.status 1.0, which was
generated by GNU Autoconf 2.69.  Invocation command line was

  CONFIG_FILES    = 
  CONFIG_HEADERS  = 
  CONFIG_LINKS    = 
  CONFIG_COMMANDS = 
  $ ./config.status lib/Makefile depfiles

on fedora

config.status:1093: creating lib/Makefile
config.status:1322: executing depfiles commands
config.status:1399: cd lib       && sed -e '/# am--include-marker/d' Makefile         | make -f - am--depfiles
make[1]: Entering directory '/home/remy/opensslapis/lib'
make[1]: Leaving directory '/home/remy/opensslapis/lib'
config.status:1404: $? = 0

## ---------------------- ##
## Running config.status. ##
## ---------------------- ##

This file was extended by opensslapis config.status 1.0, which was
generated by GNU Autoconf 2.69.  Invocation command line was

  CONFIG_FILES    = 
  CONFIG_HEADERS  = 
  CONFIG_LINKS    = 
  CONFIG_COMMANDS = 
  $ ./config.status test/Makefile depfiles

on fedora

config.status:1093: creating test/Makefile
config.status:1322: executing depfiles commands
config.status:1399: cd test       && sed -e '/# am--include-marker/d' Makefile         | make -f - am--depfiles
make[1]: Entering directory '/home/remy/opensslapis/test'
make[1]: Leaving directory '/home/remy/opensslapis/test'
config.status:1404: $? = 0

## ---------------------- ##
## Running config.status. ##
## ---------------------- ##

This file was extended by opensslapis config.status 1.0, which was
generated by GNU Autoconf 2.69.  Invocation command line was

  CONFIG_FILES    = 
  CONFIG_HEADERS  = 
  CONFIG_LINKS    = 
  CONFIG_COMMANDS = 
  $ ./config.status lib/Makefile depfiles

on fedora

config.status:1093: creating lib/Makefile
config.status:1322: executing depfiles commands
config.status:1399: cd lib       && sed -e '/# am--include-marker/d' Makefile         | make -f - am--depfiles
make[1]: Entering directory '/home/remy/opensslapis/lib'
make[1]: Leaving directory '/home/remy/opensslapis/lib'
config.status:1404: $? = 0

## ---------------------- ##
## Running config.status. ##
## ---------------------- ##

This file was extended by opensslapis config.status 1.0, which was
generated by GNU Autoconf 2.69.  Invocation command line was

  CONFIG_FILES    = 
  CONFIG_HEADERS  = 
  CONFIG_LINKS    = 
  CONFIG_COMMANDS = 
  $ ./config.status lib/Makefile depfiles

on fedora

config.status:1093: creating lib/Makefile
config.status:1322: executing depfiles commands
config.status:1399: cd lib       && sed -e '/# am--include-marker/d' Makefile         | make -f - am--depfiles
make[1]: Entering directory '/home/remy/opensslapis/lib'
make[1]: Leaving directory '/home/remy/opensslapis/lib'
config.status:1404: $? = 0

## ---------------------- ##
## Running config.status. ##
## ---------------------- ##

This file was extended by opensslapis config.status 1.0, which was
generated by GNU Autoconf 2.69.  Invocation command line was

  CONFIG_FILES    = 
  CONFIG_HEADERS  = 
  CONFIG_LINKS    = 
  CONFIG_COMMANDS = 
  $ ./config.status test/Makefile depfiles

on fedora

config.status:1093: creating test/Makefile
config.status:1322: executing depfiles commands
config.status:1399: cd test       && sed -e '/# am--include-marker/d' Makefile         | make -f - am--depfiles
make[3]: Entering directory '/home/remy/opensslapis/test'
make[3]: Leaving directory '/home/remy/opensslapis/test'
config.status:1404: $? = 0

## ---------------------- ##
## Running config.status. ##
## ---------------------- ##

This file was extended by opensslapis config.status 1.0, which was
generated by GNU Autoconf 2.69.  Invocation command line was

  CONFIG_FILES    = 
  CONFIG_HEADERS  = 
  CONFIG_LINKS    = 
  CONFIG_COMMANDS = 
  $ ./config.status lib/Makefile depfiles

on fedora

config.status:1093: creating lib/Makefile
config.status:1322: executing depfiles commands
config.status:1399: cd lib       && sed -e '/# am--include-marker/d' Makefile         | make -f - am--depfiles
make[3]: Entering directory '/home/remy/opensslapis/lib'
make[3]: Nothing to be done for 'am--depfiles'.
make[3]: Leaving directory '/home/remy/opensslapis/lib'
config.status:1404: $? = 0

## ---------------------- ##
## Running config.status. ##
## ---------------------- ##

This file was extended by opensslapis config.status 1.0, which was
generated by GNU Autoconf 2.69.  Invocation command line was

  CONFIG_FILES    = 
  CONFIG_HEADERS  = 
  CONFIG_LINKS    = 
  CONFIG_COMMANDS = 
  $ ./config.status test/Makefile depfiles

on fedora

config.status:1093: creating test/Makefile
config.status:1322: executing depfiles commands
config.status:1399: cd test       && sed -e '/# am--include-marker/d' Makefile         | make -f - am--depfiles
make[3]: Entering directory '/home/remy/opensslapis/test'
make[3]: Nothing to be done for 'am--depfiles'.
make[3]: Leaving directory '/home/remy/opensslapis/test'
config.status:1404: $? = 0

## ---------------------- ##
## Running config.status. ##
## ---------------------- ##

This file was extended by opensslapis config.status 1.0, which was
generated by GNU Autoconf 2.69.  Invocation command line was

  CONFIG_FILES    = 
  CONFIG_HEADERS  = 
  CONFIG_LINKS    = 
  CONFIG_COMMANDS = 
  $ ./config.status lib/Makefile depfiles

on fedora

config.status:1093: creating lib/Makefile
config.status:1322: executing depfiles commands
config.status:1399: cd lib       && sed -e '/# am--include-marker/d' Makefile         | make -f - am--depfiles
make[3]: Entering directory '/home/remy/opensslapis/lib'
make[3]: Nothing to be done for 'am--depfiles'.
make[3]: Leaving directory '/home/remy/opensslapis/lib'
config.status:1404: $? = 0

## ---------------------- ##
## Running config.status. ##
## ---------------------- ##

This file was extended by opensslapis config.status 1.0, which was
generated by GNU Autoconf 2.69.  Invocation command line was

  CONFIG_FILES    = 
  CONFIG_HEADERS  = 
  CONFIG_LINKS    = 
  CONFIG_COMMANDS = 
  $ ./config.status test/Makefile depfiles

on fedora

config.status:1093: creating test/Makefile
config.status:1322: executing depfiles commands
config.status:1399: cd test       && sed -e '/# am--include-marker/d' Makefile         | make -f - am--depfiles
make[3]: Entering directory '/home/remy/opensslapis/test'
make[3]: Nothing to be done for 'am--depfiles'.
make[3]: Leaving directory '/home/remy/opensslapis/test'
config.status:1404: $? = 0

## ---------------------- ##
## Running config.status. ##
## ---------------------- ##

This file was extended by opensslapis config.status 1.0, which was
generated by GNU Autoconf 2.69.  Invocation command line was

  CONFIG_FILES    = 
  CONFIG_HEADERS  = 
  CONFIG_LINKS    = 
  CONFIG_COMMANDS = 
  $ ./config.status test/Makefile depfiles

on fedora

config.status:1093: creating test/Makefile
config.status:1322: executing depfiles commands
config.status:1399: cd test       && sed -e '/# am--include-marker/d' Makefile         | make -f - am--depfiles
make[3]: Entering directory '/home/remy/opensslapis/test'
make[3]: Nothing to be done for 'am--depfiles'.
make[3]: Leaving directory '/home/remy/opensslapis/test'
config.status:1404: $? = 0

## ---------------------- ##
## Running config.status. ##
## ---------------------- ##

This file was extended by opensslapis config.status 1.0, which was
generated by GNU Autoconf 2.69.  Invocation command line was

  CONFIG_FILES    = 
  CONFIG_HEADERS  = 
  CONFIG_LINKS    = 
  CONFIG_COMMANDS = 
  $ ./config.status test/Makefile depfiles

on fedora

config.status:1093: creating test/Makefile
config.status:1322: executing depfiles commands
config.status:1399: cd test       && sed -e '/# am--include-marker/d' Makefile         | make -f - am--depfiles
make[1]: Entering directory '/home/remy/opensslapis/test'
make[1]: Leaving directory '/home/remy/opensslapis/test'
config.status:1404: $? = 0

## ---------------------- ##
## Running config.status. ##
## ---------------------- ##

This file was extended by opensslapis config.status 1.0, which was
generated by GNU Autoconf 2.69.  Invocation command line was

  CONFIG_FILES    = 
  CONFIG_HEADERS  = 
  CONFIG_LINKS    = 
  CONFIG_COMMANDS = 
  $ ./config.status test/Makefile depfiles

on fedora

config.status:1093: creating test/Makefile
config.status:1322: executing depfiles commands
config.status:1399: cd test       && sed -e '/# am--include-marker/d' Makefile         | make -f - am--depfiles
make[3]: Entering directory '/home/remy/opensslapis/test'
make[3]: Nothing to be done for 'am--depfiles'.
make[3]: Leaving directory '/home/remy/opensslapis/test'
config.status:1404: $? = 0

## ---------------------- ##
## Running config.status. ##
## ---------------------- ##

This file was extended by opensslapis config.status 1.0, which was
generated by GNU Autoconf 2.69.  Invocation command line was

  CONFIG_FILES    = 
  CONFIG_HEADERS  = 
  CONFIG_LINKS    = 
  CONFIG_COMMANDS = 
  $ ./config.status lib/Makefile depfiles

on fedora

config.status:1093: creating lib/Makefile
config.status:1322: executing depfiles commands
config.status:1399: cd lib       && sed -e '/# am--include-marker/d' Makefile         | make -f - am--depfiles
make[1]: Entering directory '/home/remy/opensslapis/lib'
make[1]: Leaving directory '/home/remy/opensslapis/lib'
config.status:1404: $? = 0

## ---------------------- ##
## Running config.status. ##
## ---------------------- ##

This file was extended by opensslapis config.status 1.0, which was
generated by GNU Autoconf 2.69.  Invocation command line was

  CONFIG_FILES    = 
  CONFIG_HEADERS  = 
  CONFIG_LINKS    = 
  CONFIG_COMMANDS = 
  $ ./config.status lib/Makefile depfiles

on fedora

config.status:1093: creating lib/Makefile
config.status:1322: executing depfiles commands
config.status:1399: cd lib       && sed -e '/# am--include-marker/d' Makefile         | make -f - am--depfiles
make[1]: Entering directory '/home/remy/opensslapis/lib'
make[1]: Leaving directory '/home/remy/opensslapis/lib'
config.status:1404: $? = 0

## ---------------------- ##
## Running config.status. ##
## ---------------------- ##

This file was extended by opensslapis config.status 1.0, which was
generated by GNU Autoconf 2.69.  Invocation command line was

  CONFIG_FILES    = 
  CONFIG_HEADERS  = 
  CONFIG_LINKS    = 
  CONFIG_COMMANDS = 
  $ ./config.status test/Makefile depfiles

on fedora

config.status:1093: creating test/Makefile
config.status:1322: executing depfiles commands
config.status:1399: cd test       && sed -e '/# am--include-marker/d' Makefile         | make -f - am--depfiles
make[3]: Entering directory '/home/remy/opensslapis/test'
make[3]: Leaving directory '/home/remy/opensslapis/test'
config.status:1404: $? = 0

## ---------------------- ##
## Running config.status. ##
## ---------------------- ##

This file was extended by opensslapis config.status 1.0, which was
generated by GNU Autoconf 2.69.  Invocation command line was

  CONFIG_FILES    = 
  CONFIG_HEADERS  = 
  CONFIG_LINKS    = 
  CONFIG_COMMANDS = 
  $ ./config.status lib/Makefile depfiles

on fedora

config.status:1093: creating lib/Makefile
config.status:1322: executing depfiles commands
config.status:1399: cd lib       && sed -e '/# am--include-marker/d' Makefile         | make -f - am--depfiles
make[3]: Entering directory '/home/remy/opensslapis/lib'
make[3]: Nothing to be done for 'am--depfiles'.
make[3]: Leaving directory '/home/remy/opensslapis/lib'
config.status:1404: $? = 0

## ---------------------- ##
## Running config.status. ##
## ---------------------- ##

This file was extended by opensslapis config.status 1.0, which was
generated by GNU Autoconf 2.69.  Invocation command line was

  CONFIG_FILES    = 
  CONFIG_HEADERS  = 
  CONFIG_LINKS    = 
  CONFIG_COMMANDS = 
  $ ./config.status lib/Makefile depfiles

on fedora

config.status:1093: creating lib/Makefile
config.status:1322: executing depfiles commands
config.status:1399: cd lib       && sed -e '/# am--include-marker/d' Makefile         | make -f - am--depfiles
make[3]: Entering directory '/home/remy/opensslapis/lib'
make[3]: Leaving directory '/home/remy/opensslapis/lib'
config.status:1404: $? = 0

## ---------------------- ##
## Running config.status. ##
## ---------------------- ##

This file was extended by opensslapis config.status 1.0, which was
generated by GNU Autoconf 2.69.  Invocation command line was

  CONFIG_FILES    = 
  CONFIG_HEADERS  = 
  CONFIG_LINKS    = 
  CONFIG_COMMANDS = 
  $ ./config.status test/Makefile depfiles

on fedora

config.status:1093: creating test/Makefile
config.status:1322: executing depfiles commands
config.status:1399: cd test       && sed -e '/# am--include-marker/d' Makefile         | make -f - am--depfiles
make[1]: Entering directory '/home/remy/opensslapis/test'
make[1]: Leaving directory '/home/remy/opensslapis/test'
config.status:1404: $? = 0

## ---------------------- ##
## Running config.status. ##
## ---------------------- ##

This file was extended by opensslapis config.status 1.0, which was
generated by GNU Autoconf 2.69.  Invocation command line was

  CONFIG_FILES    = 
  CONFIG_HEADERS  = 
  CONFIG_LINKS    = 
  CONFIG_COMMANDS = 
  $ ./config.status test/Makefile depfiles

on fedora

config.status:1093: creating test/Makefile
config.status:1322: executing depfiles commands
config.status:1399: cd test       && sed -e '/# am--include-marker/d' Makefile         | make -f - am--depfiles
make[1]: Entering directory '/home/remy/opensslapis/test'
make[1]: Nothing to be done for 'am--depfiles'.
make[1]: Leaving directory '/home/remy/opensslapis/test'
config.status:1404: $? = 0

## ---------------------- ##
## Running config.status. ##
## ---------------------- ##

This file was extended by opensslapis config.status 1.0, which was
generated by GNU Autoconf 2.69.  Invocation command line was

  CONFIG_FILES    = 
  CONFIG_HEADERS  = 
  CONFIG_LINKS    = 
  CONFIG_COMMANDS = 
  $ ./config.status test/Makefile depfiles

on fedora

config.status:1093: creating test/Makefile
config.status:1322: executing depfiles commands
config.status:1399: cd test       && sed -e '/# am--include-marker/d' Makefile         | make -f - am--depfiles
make[1]: Entering directory '/home/remy/opensslapis/test'
make[1]: Leaving directory '/home/remy/opensslapis/test'
config.status:1404: $? = 0
